# JRE version: OpenJDK Runtime Environment Zulu13.44+13-CA (13.0.9+3) (build 13.0.9+3-MTS)
# Java VM: OpenJDK 64-Bit Server VM Zulu13.44+13-CA (13.0.9+3-MTS, mixed mode, tiered, compressed oops, g1 gc, bsd-aarch64)
Heap:
 garbage-first heap   total 58368K, used 23094K [0x00000006c0000000, 0x00000007c0000000)
  region size 1024K, 16 young (16384K), 7 survivors (7168K)
 Metaspace       used 35632K, capacity 36839K, committed 37040K, reserved 1081344K
  class space    used 4366K, capacity 4847K, committed 4864K, reserved 1048576K
GC Heap History (16 events):
Event: 0.365 GC heap before
{Heap before GC invocations=0 (full 0):
 garbage-first heap   total 262144K, used 23552K [0x00000006c0000000, 0x00000007c0000000)
  region size 1024K, 24 young (24576K), 0 survivors (0K)
 Metaspace       used 13700K, capacity 14023K, committed 14208K, reserved 1062912K
  class space    used 1432K, capacity 1542K, committed 1664K, reserved 1048576K
}
Event: 0.370 GC heap after
{Heap after GC invocations=1 (full 0):
 garbage-first heap   total 262144K, used 5645K [0x00000006c0000000, 0x00000007c0000000)
  region size 1024K, 3 young (3072K), 3 survivors (3072K)
 Metaspace       used 13700K, capacity 14023K, committed 14208K, reserved 1062912K
  class space    used 1432K, capacity 1542K, committed 1664K, reserved 1048576K
}
Event: 0.571 GC heap before
{Heap before GC invocations=1 (full 0):
 garbage-first heap   total 262144K, used 48653K [0x00000006c0000000, 0x00000007c0000000)
  region size 1024K, 46 young (47104K), 3 survivors (3072K)
 Metaspace       used 20556K, capacity 21094K, committed 21296K, reserved 1069056K
  class space    used 2359K, capacity 2574K, committed 2688K, reserved 1048576K
}
Event: 0.574 GC heap after
{Heap after GC invocations=2 (full 0):
 garbage-first heap   total 262144K, used 7439K [0x00000006c0000000, 0x00000007c0000000)
  region size 1024K, 5 young (5120K), 5 survivors (5120K)
 Metaspace       used 20556K, capacity 21094K, committed 21296K, reserved 1069056K
  class space    used 2359K, capacity 2574K, committed 2688K, reserved 1048576K
}
Event: 0.631 GC heap before
{Heap before GC invocations=3 (full 0):
 garbage-first heap   total 34816K, used 23823K [0x00000006c0000000, 0x00000007c0000000)
  region size 1024K, 22 young (22528K), 5 survivors (5120K)
 Metaspace       used 22598K, capacity 23257K, committed 23600K, reserved 1071104K
  class space    used 2644K, capacity 2894K, committed 2944K, reserved 1048576K
}
Event: 0.635 GC heap after
{Heap after GC invocations=4 (full 0):
 garbage-first heap   total 34816K, used 8100K [0x00000006c0000000, 0x00000007c0000000)
  region size 1024K, 1 young (1024K), 1 survivors (1024K)
 Metaspace       used 22598K, capacity 23257K, committed 23600K, reserved 1071104K
  class space    used 2644K, capacity 2894K, committed 2944K, reserved 1048576K
}
Event: 0.682 GC heap before
{Heap before GC invocations=4 (full 0):
 garbage-first heap   total 34816K, used 23460K [0x00000006c0000000, 0x00000007c0000000)
  region size 1024K, 17 young (17408K), 1 survivors (1024K)
 Metaspace       used 23179K, capacity 23839K, committed 23984K, reserved 1071104K
  class space    used 2718K, capacity 2981K, committed 3072K, reserved 1048576K
}
Event: 0.684 GC heap after
{Heap after GC invocations=5 (full 0):
 garbage-first heap   total 34816K, used 8663K [0x00000006c0000000, 0x00000007c0000000)
  region size 1024K, 2 young (2048K), 2 survivors (2048K)
 Metaspace       used 23179K, capacity 23839K, committed 23984K, reserved 1071104K
  class space    used 2718K, capacity 2981K, committed 3072K, reserved 1048576K
}
Event: 0.686 GC heap before
{Heap before GC invocations=5 (full 0):
 garbage-first heap   total 34816K, used 22999K [0x00000006c0000000, 0x00000007c0000000)
  region size 1024K, 17 young (17408K), 2 survivors (2048K)
 Metaspace       used 23183K, capacity 23839K, committed 23984K, reserved 1071104K
  class space    used 2719K, capacity 2981K, committed 3072K, reserved 1048576K
}
Event: 0.687 GC heap after
{Heap after GC invocations=6 (full 0):
 garbage-first heap   total 148480K, used 8653K [0x00000006c0000000, 0x00000007c0000000)
  region size 1024K, 2 young (2048K), 2 survivors (2048K)
 Metaspace       used 23183K, capacity 23839K, committed 23984K, reserved 1071104K
  class space    used 2719K, capacity 2981K, committed 3072K, reserved 1048576K
}
Event: 1.004 GC heap before
{Heap before GC invocations=6 (full 0):
 garbage-first heap   total 148480K, used 70093K [0x00000006c0000000, 0x00000007c0000000)
  region size 1024K, 63 young (64512K), 2 survivors (2048K)
 Metaspace       used 28567K, capacity 29487K, committed 29744K, reserved 1075200K
  class space    used 3472K, capacity 3859K, committed 3968K, reserved 1048576K
}
Event: 1.009 GC heap after
{Heap after GC invocations=7 (full 0):
 garbage-first heap   total 148480K, used 11174K [0x00000006c0000000, 0x00000007c0000000)
  region size 1024K, 4 young (4096K), 4 survivors (4096K)
 Metaspace       used 28567K, capacity 29487K, committed 29744K, reserved 1075200K
  class space    used 3472K, capacity 3859K, committed 3968K, reserved 1048576K
}
Event: 1.248 GC heap before
{Heap before GC invocations=7 (full 0):
 garbage-first heap   total 148480K, used 95142K [0x00000006c0000000, 0x00000007c0000000)
  region size 1024K, 87 young (89088K), 4 survivors (4096K)
 Metaspace       used 33794K, capacity 34965K, committed 35248K, reserved 1079296K
  class space    used 4102K, capacity 4547K, committed 4608K, reserved 1048576K
}
Event: 1.252 GC heap after
{Heap after GC invocations=8 (full 0):
 garbage-first heap   total 148480K, used 14126K [0x00000006c0000000, 0x00000007c0000000)
  region size 1024K, 7 young (7168K), 7 survivors (7168K)
 Metaspace       used 33794K, capacity 34965K, committed 35248K, reserved 1079296K
  class space    used 4102K, capacity 4547K, committed 4608K, reserved 1048576K
}
Event: 1.283 GC heap before
{Heap before GC invocations=8 (full 0):
 garbage-first heap   total 148480K, used 22318K [0x00000006c0000000, 0x00000007c0000000)
  region size 1024K, 16 young (16384K), 7 survivors (7168K)
 Metaspace       used 34675K, capacity 35798K, committed 35888K, reserved 1081344K
  class space    used 4218K, capacity 4671K, committed 4736K, reserved 1048576K
}
Event: 1.286 GC heap after
{Heap after GC invocations=9 (full 0):
 garbage-first heap   total 148480K, used 14902K [0x00000006c0000000, 0x00000007c0000000)
  region size 1024K, 7 young (7168K), 7 survivors (7168K)
 Metaspace       used 34675K, capacity 35798K, committed 35888K, reserved 1081344K
  class space    used 4218K, capacity 4671K, committed 4736K, reserved 1048576K
}

