# JRE version: OpenJDK Runtime Environment Zulu13.44+13-CA (13.0.9+3) (build 13.0.9+3-MTS)
# Java VM: OpenJDK 64-Bit Server VM Zulu13.44+13-CA (13.0.9+3-MTS, mixed mode, tiered, compressed oops, g1 gc, bsd-aarch64)
Heap:
 garbage-first heap   total 160768K, used 19939K [0x00000006c0000000, 0x00000007c0000000)
  region size 1024K, 9 young (9216K), 4 survivors (4096K)
 Metaspace       used 37826K, capacity 39136K, committed 39472K, reserved 1083392K
  class space    used 4639K, capacity 5163K, committed 5248K, reserved 1048576K
GC Heap History (18 events):
Event: 0.417 GC heap before
{Heap before GC invocations=0 (full 0):
 garbage-first heap   total 262144K, used 23552K [0x00000006c0000000, 0x00000007c0000000)
  region size 1024K, 24 young (24576K), 0 survivors (0K)
 Metaspace       used 13800K, capacity 14122K, committed 14464K, reserved 1062912K
  class space    used 1441K, capacity 1575K, committed 1664K, reserved 1048576K
}
Event: 0.425 GC heap after
{Heap after GC invocations=1 (full 0):
 garbage-first heap   total 262144K, used 5716K [0x00000006c0000000, 0x00000007c0000000)
  region size 1024K, 3 young (3072K), 3 survivors (3072K)
 Metaspace       used 13800K, capacity 14122K, committed 14464K, reserved 1062912K
  class space    used 1441K, capacity 1575K, committed 1664K, reserved 1048576K
}
Event: 0.630 GC heap before
{Heap before GC invocations=1 (full 0):
 garbage-first heap   total 262144K, used 44628K [0x00000006c0000000, 0x00000007c0000000)
  region size 1024K, 41 young (41984K), 3 survivors (3072K)
 Metaspace       used 20075K, capacity 20664K, committed 20736K, reserved 1067008K
  class space    used 2302K, capacity 2538K, committed 2560K, reserved 1048576K
}
Event: 0.632 GC heap after
{Heap after GC invocations=2 (full 0):
 garbage-first heap   total 262144K, used 7225K [0x00000006c0000000, 0x00000007c0000000)
  region size 1024K, 5 young (5120K), 5 survivors (5120K)
 Metaspace       used 20075K, capacity 20664K, committed 20736K, reserved 1067008K
  class space    used 2302K, capacity 2538K, committed 2560K, reserved 1048576K
}
Event: 0.642 GC heap before
{Heap before GC invocations=2 (full 0):
 garbage-first heap   total 262144K, used 11321K [0x00000006c0000000, 0x00000007c0000000)
  region size 1024K, 10 young (10240K), 5 survivors (5120K)
 Metaspace       used 20553K, capacity 21094K, committed 21296K, reserved 1069056K
  class space    used 2359K, capacity 2574K, committed 2688K, reserved 1048576K
}
Event: 0.645 GC heap after
{Heap after GC invocations=3 (full 0):
 garbage-first heap   total 262144K, used 7530K [0x00000006c0000000, 0x00000007c0000000)
  region size 1024K, 2 young (2048K), 2 survivors (2048K)
 Metaspace       used 20553K, capacity 21094K, committed 21296K, reserved 1069056K
  class space    used 2359K, capacity 2574K, committed 2688K, reserved 1048576K
}
Event: 0.742 GC heap before
{Heap before GC invocations=4 (full 0):
 garbage-first heap   total 34816K, used 34154K [0x00000006c0000000, 0x00000007c0000000)
  region size 1024K, 28 young (28672K), 2 survivors (2048K)
 Metaspace       used 23168K, capacity 23839K, committed 23984K, reserved 1071104K
  class space    used 2718K, capacity 2981K, committed 3072K, reserved 1048576K
}
Event: 0.745 GC heap after
{Heap after GC invocations=5 (full 0):
 garbage-first heap   total 37888K, used 8443K [0x00000006c0000000, 0x00000007c0000000)
  region size 1024K, 3 young (3072K), 3 survivors (3072K)
 Metaspace       used 23168K, capacity 23839K, committed 23984K, reserved 1071104K
  class space    used 2718K, capacity 2981K, committed 3072K, reserved 1048576K
}
Event: 0.749 GC heap before
{Heap before GC invocations=5 (full 0):
 garbage-first heap   total 37888K, used 23803K [0x00000006c0000000, 0x00000007c0000000)
  region size 1024K, 19 young (19456K), 3 survivors (3072K)
 Metaspace       used 23181K, capacity 23839K, committed 23984K, reserved 1071104K
  class space    used 2719K, capacity 2981K, committed 3072K, reserved 1048576K
}
Event: 0.752 GC heap after
{Heap after GC invocations=6 (full 0):
 garbage-first heap   total 150528K, used 8550K [0x00000006c0000000, 0x00000007c0000000)
  region size 1024K, 2 young (2048K), 2 survivors (2048K)
 Metaspace       used 23181K, capacity 23839K, committed 23984K, reserved 1071104K
  class space    used 2719K, capacity 2981K, committed 3072K, reserved 1048576K
}
Event: 0.960 GC heap before
{Heap before GC invocations=6 (full 0):
 garbage-first heap   total 150528K, used 63846K [0x00000006c0000000, 0x00000007c0000000)
  region size 1024K, 57 young (58368K), 2 survivors (2048K)
 Metaspace       used 26975K, capacity 27757K, committed 27824K, reserved 1073152K
  class space    used 3242K, capacity 3555K, committed 3584K, reserved 1048576K
}
Event: 0.962 GC heap after
{Heap after GC invocations=7 (full 0):
 garbage-first heap   total 150528K, used 10327K [0x00000006c0000000, 0x00000007c0000000)
  region size 1024K, 4 young (4096K), 4 survivors (4096K)
 Metaspace       used 26975K, capacity 27757K, committed 27824K, reserved 1073152K
  class space    used 3242K, capacity 3555K, committed 3584K, reserved 1048576K
}
Event: 1.148 GC heap before
{Heap before GC invocations=7 (full 0):
 garbage-first heap   total 150528K, used 86103K [0x00000006c0000000, 0x00000007c0000000)
  region size 1024K, 79 young (80896K), 4 survivors (4096K)
 Metaspace       used 32192K, capacity 33155K, committed 33456K, reserved 1079296K
  class space    used 3860K, capacity 4255K, committed 4352K, reserved 1048576K
}
Event: 1.152 GC heap after
{Heap after GC invocations=8 (full 0):
 garbage-first heap   total 150528K, used 12869K [0x00000006c0000000, 0x00000007c0000000)
  region size 1024K, 6 young (6144K), 6 survivors (6144K)
 Metaspace       used 32192K, capacity 33155K, committed 33456K, reserved 1079296K
  class space    used 3860K, capacity 4255K, committed 4352K, reserved 1048576K
}
Event: 1.241 GC heap before
{Heap before GC invocations=8 (full 0):
 garbage-first heap   total 150528K, used 41541K [0x00000006c0000000, 0x00000007c0000000)
  region size 1024K, 35 young (35840K), 6 survivors (6144K)
 Metaspace       used 34588K, capacity 35721K, committed 35888K, reserved 1081344K
  class space    used 4211K, capacity 4667K, committed 4736K, reserved 1048576K
}
Event: 1.245 GC heap after
{Heap after GC invocations=9 (full 0):
 garbage-first heap   total 150528K, used 14678K [0x00000006c0000000, 0x00000007c0000000)
  region size 1024K, 8 young (8192K), 8 survivors (8192K)
 Metaspace       used 34588K, capacity 35721K, committed 35888K, reserved 1081344K
  class space    used 4211K, capacity 4667K, committed 4736K, reserved 1048576K
}
Event: 3.411 GC heap before
{Heap before GC invocations=10 (full 0):
 garbage-first heap   total 58368K, used 41302K [0x00000006c0000000, 0x00000007c0000000)
  region size 1024K, 34 young (34816K), 8 survivors (8192K)
 Metaspace       used 37260K, capacity 38581K, committed 38832K, reserved 1083392K
  class space    used 4569K, capacity 5085K, committed 5120K, reserved 1048576K
}
Event: 3.417 GC heap after
{Heap after GC invocations=11 (full 0):
 garbage-first heap   total 160768K, used 15843K [0x00000006c0000000, 0x00000007c0000000)
  region size 1024K, 4 young (4096K), 4 survivors (4096K)
 Metaspace       used 37260K, capacity 38581K, committed 38832K, reserved 1083392K
  class space    used 4569K, capacity 5085K, committed 5120K, reserved 1048576K
}

